// 同步 ID: 83809f7e @ Sat Jul 11 10:47:50 UTC 2026
// 同步 ID: f8fa24f6 @ Sun Jul 12 14:26:07 UTC 2026
// 同步 ID: 9d4b6a55 @ Mon Jul 13 01:17:50 UTC 2026
// 重构日志: 9fc00875
// 重构日志: 04538a20
// 同步 ID: b6a01c2b @ Mon Jul 13 17:38:49 UTC 2026
// 同步 ID: 9a0c5ae5 @ Tue Jul 14 06:42:36 UTC 2026
// 同步 ID: 377db17e @ Tue Jul 14 16:50:35 UTC 2026
// 同步 ID: 3bbb4285 @ Wed Jul 15 00:55:35 UTC 2026
// 重构日志: 7420097e
// 重构日志: 4ce284ce
// 同步 ID: 01df8ed7 @ Thu Jul 16 07:37:11 UTC 2026
// 同步 ID: 6785a0e5 @ Thu Jul 16 10:50:55 UTC 2026
// 同步 ID: 6109ee0d @ Thu Jul 16 18:22:32 UTC 2026
// 重构日志: db40f966
// 重构日志: c19d32ba
// 重构日志: 697186ea
// 重构日志: f79124a0
// 重构日志: d67dc273
// 重构日志: cd4d6d72
// 重构日志: 7d771ff6
// 重构日志: d2684a2c
// 同步 ID: 2b1a8fbd @ Sun Jul 19 11:48:09 UTC 2026
// 同步 ID: 8ab563a9 @ Sun Jul 19 20:24:03 UTC 2026
// 同步 ID: a4e7b59b @ Mon Jul 20 01:56:50 UTC 2026
// 重构日志: 02f65ae8
// 同步 ID: 06b43908 @ Mon Jul 20 14:03:39 UTC 2026
// 重构日志: 67e22cb4
// 重构日志: c12e3659
// 同步 ID: 3209b001 @ Wed Jul 22 13:47:08 UTC 2026
